0 info it worked if it ends with ok
1 verbose cli [ '/usr/bin/node', '/usr/bin/npm', 'install', 'Express', '--save' ]
2 info using npm@1.4.28
3 info using node@v0.10.37
4 verbose node symlink /usr/bin/node
5 verbose readDependencies using package.json deps
6 verbose cache add [ 'Express', null ]
7 verbose cache add name=undefined spec="Express" args=["Express",null]
8 verbose parsed url { protocol: null,
8 verbose parsed url   slashes: null,
8 verbose parsed url   auth: null,
8 verbose parsed url   host: null,
8 verbose parsed url   port: null,
8 verbose parsed url   hostname: null,
8 verbose parsed url   hash: null,
8 verbose parsed url   search: null,
8 verbose parsed url   query: null,
8 verbose parsed url   pathname: 'Express',
8 verbose parsed url   path: 'Express',
8 verbose parsed url   href: 'Express' }
9 silly lockFile 8b652040-Express Express
10 verbose lock Express /home/toq/.npm/8b652040-Express.lock
11 silly lockFile 8b652040-Express Express
12 silly lockFile 8b652040-Express Express
13 verbose addNamed [ 'Express', '' ]
14 verbose addNamed [ null, '*' ]
15 silly lockFile 522b04c2-Express Express@
16 verbose lock Express@ /home/toq/.npm/522b04c2-Express.lock
17 silly addNameRange { name: 'Express', range: '*', hasData: false }
18 verbose request where is /Express
19 verbose request registry https://registry.npmjs.org/
20 verbose request id f55edcc9ac5f0747
21 verbose url raw /Express
22 verbose url resolving [ 'https://registry.npmjs.org/', './Express' ]
23 verbose url resolved https://registry.npmjs.org/Express
24 verbose request where is https://registry.npmjs.org/Express
25 info trying registry request attempt 1 at 17:23:06
26 http GET https://registry.npmjs.org/Express
27 http 404 https://registry.npmjs.org/Express
28 verbose headers { server: 'CouchDB/1.5.0 (Erlang OTP/R16B03)',
28 verbose headers   'content-type': 'application/json',
28 verbose headers   'cache-control': 'max-age=0',
28 verbose headers   'content-length': '51',
28 verbose headers   'accept-ranges': 'bytes',
28 verbose headers   date: 'Wed, 06 May 2015 00:22:51 GMT',
28 verbose headers   via: '1.1 varnish',
28 verbose headers   age: '0',
28 verbose headers   connection: 'keep-alive',
28 verbose headers   'x-served-by': 'cache-lax1423-LAX',
28 verbose headers   'x-cache': 'MISS',
28 verbose headers   'x-cache-hits': '0',
28 verbose headers   'x-timer': 'S1430871771.105751,VS0,VE79' }
29 silly registry.get cb [ 404,
29 silly registry.get   { server: 'CouchDB/1.5.0 (Erlang OTP/R16B03)',
29 silly registry.get     'content-type': 'application/json',
29 silly registry.get     'cache-control': 'max-age=0',
29 silly registry.get     'content-length': '51',
29 silly registry.get     'accept-ranges': 'bytes',
29 silly registry.get     date: 'Wed, 06 May 2015 00:22:51 GMT',
29 silly registry.get     via: '1.1 varnish',
29 silly registry.get     age: '0',
29 silly registry.get     connection: 'keep-alive',
29 silly registry.get     'x-served-by': 'cache-lax1423-LAX',
29 silly registry.get     'x-cache': 'MISS',
29 silly registry.get     'x-cache-hits': '0',
29 silly registry.get     'x-timer': 'S1430871771.105751,VS0,VE79' } ]
30 silly lockFile 522b04c2-Express Express@
31 silly lockFile 522b04c2-Express Express@
32 error 404 404 Not Found: Express
32 error 404
32 error 404 'Express' is not in the npm registry.
32 error 404 You should bug the author to publish it
32 error 404 It was specified as a dependency of 'Module_4a'
32 error 404
32 error 404 Note that you can also install from a
32 error 404 tarball, folder, or http url, or git url.
33 error System Linux 3.8.0-44-generic
34 error command "/usr/bin/node" "/usr/bin/npm" "install" "Express" "--save"
35 error cwd /home/toq/Dropbox/js300/Module_4a
36 error node -v v0.10.37
37 error npm -v 1.4.28
38 error code E404
39 verbose exit [ 1, true ]
